<?xml version="1.0" encoding="UTF-8"?>
<!-- Generated by org.testng.reporters.JUnitXMLReporter -->
<testsuite hostname="DESKTOP-AMBJLN2" ignored="0" name="Regression1" tests="5" failures="0" timestamp="17 Jul 2020 17:03:51 GMT" time="43.901" errors="0">
  <testcase name="CreateRepository" time="5.211" classname="com.github.Automate.AutomateRepository"/>
  <testcase name="CreateIssue" time="12.235" classname="com.github.Automate.AutomateRepository"/>
  <testcase name="commentToIssue" time="2.007" classname="com.github.Automate.AutomateRepository"/>
  <testcase name="IssueMentioninCommentsLinktoIssue" time="6.409" classname="com.github.Automate.AutomateRepository"/>
  <testcase name="DeleteRepository" time="4.867" classname="com.github.Automate.AutomateRepository"/>
</testsuite> <!-- Regression1 -->
