<?xml version="1.0" encoding="UTF-8"?>
<testsuite xmlns:xsi="http://www.w3.org/2001/XMLSchema-instance" xsi:noNamespaceSchemaLocation="https://maven.apache.org/surefire/maven-surefire-plugin/xsd/surefire-test-report-3.0.xsd" version="3.0" name="TestSuite" time="6.489" tests="2" errors="0" skipped="1" failures="1">
  <properties>
[...]
</properties>
  <testcase name="WebDriverManagerTest" classname="com.github.Automate.AutomateRepository" time="6.246">
    <failure message="session not created: This version of ChromeDriver only supports Chrome version 84&#10;Build info: version: &apos;3.141.59&apos;, revision: &apos;e82be7d358&apos;, time: &apos;2018-11-14T08:17:03&apos;&#10;System info: host: &apos;DESKTOP-AMBJLN2&apos;, ip: &apos;192.168.1.4&apos;, os.name: &apos;Windows 10&apos;, os.arch: &apos;amd64&apos;, os.version: &apos;10.0&apos;, java.version: &apos;1.8.0_251&apos;&#10;Driver info: driver.version: ChromeDriver&#10;remote stacktrace: Backtrace:&#10;	Ordinal0 [0x012687E3+2852835]&#10;	Ordinal0 [0x01155BB1+1727409]&#10;	Ordinal0 [0x0102E4B9+517305]&#10;	Ordinal0 [0x00FC0BA0+68512]&#10;	Ordinal0 [0x00FBD3A0+54176]&#10;	Ordinal0 [0x00FDD9F7+186871]&#10;	Ordinal0 [0x00FDD7FD+186365]&#10;	Ordinal0 [0x00FDB70B+177931]&#10;	Ordinal0 [0x00FC2584+75140]&#10;	Ordinal0 [0x00FC3650+79440]&#10;	Ordinal0 [0x00FC35E9+79337]&#10;	Ordinal0 [0x0116AD5C+1813852]&#10;	GetHandleVerifier [0x0138C616+1075574]&#10;	GetHandleVerifier [0x0138C367+1074887]&#10;	GetHandleVerifier [0x01397497+1120247]&#10;	GetHandleVerifier [0x0138CC16+1077110]&#10;	Ordinal0 [0x01163206+1782278]&#10;	Ordinal0 [0x0116C3BB+1819579]&#10;	Ordinal0 [0x0116C523+1819939]&#10;	Ordinal0 [0x01182B45+1911621]&#10;	BaseThreadInitThunk [0x770CF989+25]&#10;	RtlGetAppContainerNamedObjectPath [0x77AA7084+228]&#10;	RtlGetAppContainerNamedObjectPath [0x77AA7054+180]&#10;" type="org.openqa.selenium.SessionNotCreatedException">org.openqa.selenium.SessionNotCreatedException: 
session not created: This version of ChromeDriver only supports Chrome version 84
Build info: version: '3.141.59', revision: 'e82be7d358', time: '2018-11-14T08:17:03'
System info: host: 'DESKTOP-AMBJLN2', ip: '192.168.1.4', os.name: 'Windows 10', os.arch: 'amd64', os.version: '10.0', java.version: '1.8.0_251'
Driver info: driver.version: ChromeDriver
remote stacktrace: Backtrace:
	Ordinal0 [0x012687E3+2852835]
	Ordinal0 [0x01155BB1+1727409]
	Ordinal0 [0x0102E4B9+517305]
	Ordinal0 [0x00FC0BA0+68512]
	Ordinal0 [0x00FBD3A0+54176]
	Ordinal0 [0x00FDD9F7+186871]
	Ordinal0 [0x00FDD7FD+186365]
	Ordinal0 [0x00FDB70B+177931]
	Ordinal0 [0x00FC2584+75140]
	Ordinal0 [0x00FC3650+79440]
	Ordinal0 [0x00FC35E9+79337]
	Ordinal0 [0x0116AD5C+1813852]
	GetHandleVerifier [0x0138C616+1075574]
	GetHandleVerifier [0x0138C367+1074887]
	GetHandleVerifier [0x01397497+1120247]
	GetHandleVerifier [0x0138CC16+1077110]
	Ordinal0 [0x01163206+1782278]
	Ordinal0 [0x0116C3BB+1819579]
	Ordinal0 [0x0116C523+1819939]
	Ordinal0 [0x01182B45+1911621]
	BaseThreadInitThunk [0x770CF989+25]
	RtlGetAppContainerNamedObjectPath [0x77AA7084+228]
	RtlGetAppContainerNamedObjectPath [0x77AA7054+180]

	at com.github.Automate.AutomateRepository.WebDriverManagerTest(AutomateRepository.java:22)
</failure>
    <system-out><![CDATA[[TestNGContentHandler] [WARN] It is strongly recommended to add "<!DOCTYPE suite SYSTEM "http://testng.org/testng-1.0.dtd" >" at the top of your file, otherwise TestNG may fail or not work as expected.
]]></system-out>
    <system-err><![CDATA[Starting ChromeDriver 84.0.4147.30 (48b3e868b4cc0aa7e8149519690b6f6949e110a8-refs/branch-heads/4147@{#310}) on port 5419
Only local connections are allowed.
Please see https://chromedriver.chromium.org/security-considerations for suggestions on keeping ChromeDriver safe.
ChromeDriver was started successfully.
]]></system-err>
  </testcase>
  <testcase name="CreateRepository" classname="com.github.Automate.AutomateRepository" time="0">
    <skipped message="session not created: This version of ChromeDriver only supports Chrome version 84&#10;Build info: version: &apos;3.141.59&apos;, revision: &apos;e82be7d358&apos;, time: &apos;2018-11-14T08:17:03&apos;&#10;System info: host: &apos;DESKTOP-AMBJLN2&apos;, ip: &apos;192.168.1.4&apos;, os.name: &apos;Windows 10&apos;, os.arch: &apos;amd64&apos;, os.version: &apos;10.0&apos;, java.version: &apos;1.8.0_251&apos;&#10;Driver info: driver.version: ChromeDriver&#10;remote stacktrace: Backtrace:&#10;	Ordinal0 [0x012687E3+2852835]&#10;	Ordinal0 [0x01155BB1+1727409]&#10;	Ordinal0 [0x0102E4B9+517305]&#10;	Ordinal0 [0x00FC0BA0+68512]&#10;	Ordinal0 [0x00FBD3A0+54176]&#10;	Ordinal0 [0x00FDD9F7+186871]&#10;	Ordinal0 [0x00FDD7FD+186365]&#10;	Ordinal0 [0x00FDB70B+177931]&#10;	Ordinal0 [0x00FC2584+75140]&#10;	Ordinal0 [0x00FC3650+79440]&#10;	Ordinal0 [0x00FC35E9+79337]&#10;	Ordinal0 [0x0116AD5C+1813852]&#10;	GetHandleVerifier [0x0138C616+1075574]&#10;	GetHandleVerifier [0x0138C367+1074887]&#10;	GetHandleVerifier [0x01397497+1120247]&#10;	GetHandleVerifier [0x0138CC16+1077110]&#10;	Ordinal0 [0x01163206+1782278]&#10;	Ordinal0 [0x0116C3BB+1819579]&#10;	Ordinal0 [0x0116C523+1819939]&#10;	Ordinal0 [0x01182B45+1911621]&#10;	BaseThreadInitThunk [0x770CF989+25]&#10;	RtlGetAppContainerNamedObjectPath [0x77AA7084+228]&#10;	RtlGetAppContainerNamedObjectPath [0x77AA7054+180]&#10;"/>
  </testcase>
</testsuite>